{"logTime": "1227/184716", "correlationVector":"ens/e+V8f/HlU0zDbobLCR.1","action":"SyncServerConnectionManagerRequest", "result":"SYNC_SERVER_OK", "context":{"environment":"Prod_WestEurope_000l", "migrationStage":"NotStarted", "server":"GENERAL0100001D"}}
{"logTime": "1227/184718", "correlationVector":"BBy4howyYNMgq7tnIWGa/0","action":"SyncServerConnectionManagerRequest", "result":"SYNC_SERVER_OK", "context":{"environment":"", "migrationStage":"", "server":""}}
{"logTime": "1227/184718", "correlationVector":"ens/e+V8f/HlU0zDbobLCR","action":"Initial GetUpdates", "result":"", "context":Reason: NEW_CLIENT. cV=ens/e+V8f/HlU0zDbobLCR}
{"logTime": "1227/184718", "correlationVector":"ens/e+V8f/HlU0zDbobLCR.2","action":"GetUpdates Response", "result":"Success", "context":Received 1 update(s). cV=ens/e+V8f/HlU0zDbobLCR.0;server=GENERAL0100001D;cloudType=Consumer;environment=Prod_WestEurope_000l;migrationStage=NotStarted}
{"logTime": "1227/184720", "correlationVector":"+DbjJyvDKxjnmwWaD23q1t","action":"Initial GetUpdates", "result":"", "context":Reason: NEWLY_SUPPORTED_DATATYPE. cV=+DbjJyvDKxjnmwWaD23q1t}
{"logTime": "1227/184721", "correlationVector":"+DbjJyvDKxjnmwWaD23q1t.1","action":"SyncServerConnectionManagerRequest", "result":"SYNC_SERVER_OK", "context":{"environment":"Prod_WestEurope_000l", "migrationStage":"NotStarted", "server":"GENERAL01000014"}}
{"logTime": "1227/184721", "correlationVector":"+DbjJyvDKxjnmwWaD23q1t.2","action":"GetUpdates", "result":"DeleteReceived", "context":{"id":"bcf280e1-fbe4-4174-87b4-e13546be850e", "isDeleted:":"true", "version":"1734623441662"}}
{"logTime": "1227/184721", "correlationVector":"+DbjJyvDKxjnmwWaD23q1t.3","action":"GetUpdates", "result":"DeleteReceived", "context":{"id":"5e48103c-733e-49fa-8757-af5eab7e48d6", "isDeleted:":"true", "version":"1734623441663"}}
{"logTime": "1227/184721", "correlationVector":"+DbjJyvDKxjnmwWaD23q1t.4","action":"GetUpdates", "result":"DeleteReceived", "context":{"id":"cafeffea-78dc-4f89-bbcf-f58e20067c97", "isDeleted:":"true", "version":"1734623441665"}}
{"logTime": "1227/184721", "correlationVector":"+DbjJyvDKxjnmwWaD23q1t.5","action":"GetUpdates", "result":"DeleteReceived", "context":{"id":"1b6a4857-8392-4d46-965e-17b7426eb499", "isDeleted:":"true", "version":"1734623441666"}}
{"logTime": "1227/184721", "correlationVector":"+DbjJyvDKxjnmwWaD23q1t.6","action":"GetUpdates", "result":"DeleteReceived", "context":{"id":"4ed2bdbb-a5a1-4d40-9a68-7f72ca6ca753", "isDeleted:":"true", "version":"1734623441667"}}
{"logTime": "1227/184721", "correlationVector":"+DbjJyvDKxjnmwWaD23q1t.7","action":"GetUpdates", "result":"DeleteReceived", "context":{"id":"18f5163b-5145-4205-b3a7-59af95fd6d02", "isDeleted:":"true", "version":"1734623441669"}}
{"logTime": "1227/184721", "correlationVector":"+DbjJyvDKxjnmwWaD23q1t.8","action":"GetUpdates", "result":"DeleteReceived", "context":{"id":"591cd341-277f-4127-9ef7-cb2a6100655c", "isDeleted:":"true", "version":"1734623441673"}}
{"logTime": "1227/184721", "correlationVector":"+DbjJyvDKxjnmwWaD23q1t.9","action":"GetUpdates", "result":"DeleteReceived", "context":{"id":"9fce65e0-f405-4dce-9374-30c3ca7df660", "isDeleted:":"true", "version":"1734623441674"}}
{"logTime": "1227/184721", "correlationVector":"+DbjJyvDKxjnmwWaD23q1t.10","action":"GetUpdates", "result":"DeleteReceived", "context":{"id":"7a18ed7a-e926-4080-ad82-03261fc86fe2", "isDeleted:":"true", "version":"1734623441677"}}
{"logTime": "1227/184721", "correlationVector":"+DbjJyvDKxjnmwWaD23q1t.11","action":"GetUpdates", "result":"DeleteReceived", "context":{"id":"fcd98b2f-c742-4cc1-b170-42e499536881", "isDeleted:":"true", "version":"1734623441681"}}
{"logTime": "1227/184721", "correlationVector":"+DbjJyvDKxjnmwWaD23q1t.12","action":"GetUpdates", "result":"DeleteReceived", "context":{"id":"6f562d13-164c-4ac1-ab53-9434d8dff080", "isDeleted:":"true", "version":"1734623441685"}}
{"logTime": "1227/184721", "correlationVector":"+DbjJyvDKxjnmwWaD23q1t.13","action":"GetUpdates", "result":"DeleteReceived", "context":{"id":"43ff2588-15c8-4081-b8f3-9f66fe94ce1a", "isDeleted:":"true", "version":"1734623441686"}}
{"logTime": "1227/184721", "correlationVector":"+DbjJyvDKxjnmwWaD23q1t.14","action":"GetUpdates", "result":"DeleteReceived", "context":{"id":"80e0e6b2-1382-4d33-8cf7-de87a0b76e45", "isDeleted:":"true", "version":"1734623441688"}}
{"logTime": "1227/184721", "correlationVector":"+DbjJyvDKxjnmwWaD23q1t.15","action":"GetUpdates", "result":"DeleteReceived", "context":{"id":"7554e1d5-0b94-4933-ae75-01303d165cd8", "isDeleted:":"true", "version":"1734623441689"}}
{"logTime": "1227/184721", "correlationVector":"+DbjJyvDKxjnmwWaD23q1t.16","action":"GetUpdates", "result":"DeleteReceived", "context":{"id":"48e55ab1-4635-472e-93cf-a0f321837633", "isDeleted:":"true", "version":"1734623441690"}}
{"logTime": "1227/184721", "correlationVector":"+DbjJyvDKxjnmwWaD23q1t.17","action":"GetUpdates", "result":"DeleteReceived", "context":{"id":"7ee2a07b-9e7f-4010-ad4d-1655a6083c66", "isDeleted:":"true", "version":"1734623441694"}}
{"logTime": "1227/184721", "correlationVector":"+DbjJyvDKxjnmwWaD23q1t.18","action":"GetUpdates", "result":"DeleteReceived", "context":{"id":"d3aa989f-fedb-4b76-9977-a0a6e5c999ba", "isDeleted:":"true", "version":"1734623441695"}}
{"logTime": "1227/184721", "correlationVector":"+DbjJyvDKxjnmwWaD23q1t.19","action":"GetUpdates", "result":"DeleteReceived", "context":{"id":"649c91d0-25c7-4b42-a92f-b43042d11d7f", "isDeleted:":"true", "version":"1734623441696"}}
{"logTime": "1227/184721", "correlationVector":"+DbjJyvDKxjnmwWaD23q1t.20","action":"GetUpdates", "result":"DeleteReceived", "context":{"id":"399c9629-ff9d-4483-abe4-f7dddf7c3b32", "isDeleted:":"true", "version":"1734623441698"}}
{"logTime": "1227/184721", "correlationVector":"+DbjJyvDKxjnmwWaD23q1t.21","action":"GetUpdates", "result":"DeleteReceived", "context":{"id":"165b1f9d-6dc4-48e4-a7a8-75a517cf5949", "isDeleted:":"true", "version":"1734623441699"}}
{"logTime": "1227/184721", "correlationVector":"+DbjJyvDKxjnmwWaD23q1t.22","action":"GetUpdates", "result":"DeleteReceived", "context":{"id":"ea2cdba6-f585-4902-af3f-9d9003760e6f", "isDeleted:":"true", "version":"1734623441701"}}
{"logTime": "1227/184721", "correlationVector":"+DbjJyvDKxjnmwWaD23q1t.23","action":"GetUpdates", "result":"DeleteReceived", "context":{"id":"561926a2-b744-4e09-aa96-4169d419626c", "isDeleted:":"true", "version":"1734623443505"}}
{"logTime": "1227/184721", "correlationVector":"+DbjJyvDKxjnmwWaD23q1t.24","action":"GetUpdates", "result":"DeleteReceived", "context":{"id":"9a6ff5e9-ba01-469f-8207-ce9cd911126e", "isDeleted:":"true", "version":"1734623443507"}}
{"logTime": "1227/184721", "correlationVector":"+DbjJyvDKxjnmwWaD23q1t.25","action":"GetUpdates", "result":"DeleteReceived", "context":{"id":"e02a2888-2505-458d-aa86-b316039916ec", "isDeleted:":"true", "version":"1734623443509"}}
{"logTime": "1227/184721", "correlationVector":"+DbjJyvDKxjnmwWaD23q1t.26","action":"GetUpdates", "result":"DeleteReceived", "context":{"id":"b733a654-c845-47cd-84d1-a538a500d024", "isDeleted:":"true", "version":"1734623443510"}}
{"logTime": "1227/184721", "correlationVector":"+DbjJyvDKxjnmwWaD23q1t.27","action":"GetUpdates", "result":"DeleteReceived", "context":{"id":"1fdfff6a-c3e2-457d-beae-79f608a57ed6", "isDeleted:":"true", "version":"1734623443512"}}
{"logTime": "1227/184721", "correlationVector":"+DbjJyvDKxjnmwWaD23q1t.28","action":"GetUpdates", "result":"DeleteReceived", "context":{"id":"b8af06f8-acdd-4f65-9d4b-abba6ec563ab", "isDeleted:":"true", "version":"1734623443514"}}
{"logTime": "1227/184721", "correlationVector":"+DbjJyvDKxjnmwWaD23q1t.29","action":"GetUpdates", "result":"DeleteReceived", "context":{"id":"00fc0205-3b45-4cfa-bbff-fe2c6238c713", "isDeleted:":"true", "version":"1734623443516"}}
{"logTime": "1227/184721", "correlationVector":"+DbjJyvDKxjnmwWaD23q1t.30","action":"GetUpdates", "result":"DeleteReceived", "context":{"id":"aa7d5946-4b06-44c5-b0b0-15a2bbd28cf9", "isDeleted:":"true", "version":"1734623443518"}}
{"logTime": "1227/184721", "correlationVector":"+DbjJyvDKxjnmwWaD23q1t.31","action":"GetUpdates", "result":"DeleteReceived", "context":{"id":"f9c9c716-28d1-46ac-aca6-0aad6eb546be", "isDeleted:":"true", "version":"1734623443520"}}
{"logTime": "1227/184721", "correlationVector":"+DbjJyvDKxjnmwWaD23q1t.32","action":"GetUpdates", "result":"DeleteReceived", "context":{"id":"8d0155e1-7cfd-44b1-a4c5-331711d77ece", "isDeleted:":"true", "version":"1734623443521"}}
{"logTime": "1227/184721", "correlationVector":"+DbjJyvDKxjnmwWaD23q1t.33","action":"GetUpdates", "result":"DeleteReceived", "context":{"id":"1c223350-1376-4161-8d3a-a16fa0f6b531", "isDeleted:":"true", "version":"1734623443522"}}
{"logTime": "1227/184721", "correlationVector":"+DbjJyvDKxjnmwWaD23q1t.34","action":"GetUpdates", "result":"DeleteReceived", "context":{"id":"04f545b1-92f6-48f3-b1bb-0dccded0cb30", "isDeleted:":"true", "version":"1734623443523"}}
{"logTime": "1227/184721", "correlationVector":"+DbjJyvDKxjnmwWaD23q1t.35","action":"GetUpdates", "result":"DeleteReceived", "context":{"id":"4728a1e2-092f-4d73-a030-c644c8b86541", "isDeleted:":"true", "version":"1734623443524"}}
{"logTime": "1227/184721", "correlationVector":"+DbjJyvDKxjnmwWaD23q1t.36","action":"GetUpdates", "result":"DeleteReceived", "context":{"id":"4d567201-9510-46be-b8f2-b31e1dca69a1", "isDeleted:":"true", "version":"1734623443525"}}
{"logTime": "1227/184721", "correlationVector":"+DbjJyvDKxjnmwWaD23q1t.37","action":"GetUpdates", "result":"DeleteReceived", "context":{"id":"8904f148-4ef0-43c8-a049-d53421ce8370", "isDeleted:":"true", "version":"1734623443526"}}
{"logTime": "1227/184721", "correlationVector":"+DbjJyvDKxjnmwWaD23q1t.38","action":"GetUpdates", "result":"DeleteReceived", "context":{"id":"1a79c276-6b38-40ef-b6b5-f929d940e14b", "isDeleted:":"true", "version":"1734623443532"}}
{"logTime": "1227/184721", "correlationVector":"+DbjJyvDKxjnmwWaD23q1t.39","action":"GetUpdates", "result":"DeleteReceived", "context":{"id":"410a69c7-4216-41b8-8b4d-f2a14adfaad0", "isDeleted:":"true", "version":"1734623443534"}}
{"logTime": "1227/184721", "correlationVector":"+DbjJyvDKxjnmwWaD23q1t.40","action":"GetUpdates", "result":"DeleteReceived", "context":{"id":"1a4e1f4c-c7f6-49a6-ac9a-fca5587cc87e", "isDeleted:":"true", "version":"1734623443538"}}
{"logTime": "1227/184721", "correlationVector":"+DbjJyvDKxjnmwWaD23q1t.41","action":"GetUpdates", "result":"DeleteReceived", "context":{"id":"f5217458-ccd3-48d1-b539-6adf266a36ec", "isDeleted:":"true", "version":"1734623443539"}}
{"logTime": "1227/184721", "correlationVector":"+DbjJyvDKxjnmwWaD23q1t.42","action":"GetUpdates", "result":"DeleteReceived", "context":{"id":"5b076915-a973-495d-94c5-6782d6cf25d7", "isDeleted:":"true", "version":"1734623443540"}}
{"logTime": "1227/184721", "correlationVector":"+DbjJyvDKxjnmwWaD23q1t.43","action":"GetUpdates", "result":"DeleteReceived", "context":{"id":"15bed953-067a-49e5-b92a-27ff85a49308", "isDeleted:":"true", "version":"1734623443542"}}
{"logTime": "1227/184721", "correlationVector":"+DbjJyvDKxjnmwWaD23q1t.44","action":"GetUpdates", "result":"DeleteReceived", "context":{"id":"30bd7d61-3e69-4524-97c9-5ce976eddaa6", "isDeleted:":"true", "version":"1734623445187"}}
{"logTime": "1227/184721", "correlationVector":"+DbjJyvDKxjnmwWaD23q1t.45","action":"GetUpdates", "result":"DeleteReceived", "context":{"id":"d8c8ba9a-82ba-4b8f-b214-6c8d84819fa9", "isDeleted:":"true", "version":"1734623445191"}}
{"logTime": "1227/184721", "correlationVector":"+DbjJyvDKxjnmwWaD23q1t.46","action":"GetUpdates", "result":"DeleteReceived", "context":{"id":"f5444703-75e4-4d5a-98e1-35918362f122", "isDeleted:":"true", "version":"1734623445197"}}
{"logTime": "1227/184721", "correlationVector":"+DbjJyvDKxjnmwWaD23q1t.47","action":"GetUpdates", "result":"DeleteReceived", "context":{"id":"8538c84f-8b8b-49de-96f2-43f81ebca440", "isDeleted:":"true", "version":"1734623445198"}}
{"logTime": "1227/184721", "correlationVector":"+DbjJyvDKxjnmwWaD23q1t.48","action":"GetUpdates", "result":"DeleteReceived", "context":{"id":"071d125f-4fbd-43e4-98f1-97aad281b2bc", "isDeleted:":"true", "version":"1734623445199"}}
{"logTime": "1227/184721", "correlationVector":"+DbjJyvDKxjnmwWaD23q1t.49","action":"GetUpdates", "result":"DeleteReceived", "context":{"id":"db8968ed-481a-4c6f-bdf5-1d63978cbb68", "isDeleted:":"true", "version":"1734623445203"}}
{"logTime": "1227/184721", "correlationVector":"+DbjJyvDKxjnmwWaD23q1t.50","action":"GetUpdates", "result":"DeleteReceived", "context":{"id":"620d3951-3375-4b1e-9dc4-d60f420ad771", "isDeleted:":"true", "version":"1734623445204"}}
{"logTime": "1227/184721", "correlationVector":"+DbjJyvDKxjnmwWaD23q1t.51","action":"GetUpdates", "result":"DeleteReceived", "context":{"id":"0dca5701-e05a-4416-8733-cd841a9cacca", "isDeleted:":"true", "version":"1734623445205"}}
{"logTime": "1227/184721", "correlationVector":"+DbjJyvDKxjnmwWaD23q1t.52","action":"GetUpdates", "result":"DeleteReceived", "context":{"id":"d6d7381a-9947-4442-9ac8-9d6b23f07098", "isDeleted:":"true", "version":"1734623445210"}}
{"logTime": "1227/184721", "correlationVector":"+DbjJyvDKxjnmwWaD23q1t.53","action":"GetUpdates", "result":"DeleteReceived", "context":{"id":"b243834a-36bd-4814-9b89-a39fdc7c7237", "isDeleted:":"true", "version":"1734623445213"}}
{"logTime": "1227/184721", "correlationVector":"+DbjJyvDKxjnmwWaD23q1t.54","action":"GetUpdates", "result":"DeleteReceived", "context":{"id":"1962ba6c-c344-4983-bbec-f6bdeb647299", "isDeleted:":"true", "version":"1734623445214"}}
{"logTime": "1227/184721", "correlationVector":"+DbjJyvDKxjnmwWaD23q1t.55","action":"GetUpdates", "result":"DeleteReceived", "context":{"id":"3d367964-a67a-4efc-9477-e20ea1ba6c04", "isDeleted:":"true", "version":"1734623445219"}}
{"logTime": "1227/184721", "correlationVector":"+DbjJyvDKxjnmwWaD23q1t.56","action":"GetUpdates", "result":"DeleteReceived", "context":{"id":"1bdf9586-279e-4580-8833-fe5d39f16ea0", "isDeleted:":"true", "version":"1734623445222"}}
{"logTime": "1227/184721", "correlationVector":"+DbjJyvDKxjnmwWaD23q1t.57","action":"GetUpdates", "result":"DeleteReceived", "context":{"id":"d8797992-a42a-4492-a2e5-9fc10f730b75", "isDeleted:":"true", "version":"1734623445225"}}
{"logTime": "1227/184721", "correlationVector":"+DbjJyvDKxjnmwWaD23q1t.58","action":"GetUpdates Response", "result":"Success", "context":Received 247 update(s). cV=+DbjJyvDKxjnmwWaD23q1t.0;server=GENERAL01000014;cloudType=Consumer;environment=Prod_WestEurope_000l;migrationStage=NotStarted}
{"logTime": "1227/184722", "correlationVector":"DkllsJk1BWXuQ90khXI0oi","action":"Initial GetUpdates", "result":"", "context":Reason: NEWLY_SUPPORTED_DATATYPE. cV=DkllsJk1BWXuQ90khXI0oi}
{"logTime": "1227/184722", "correlationVector":"DkllsJk1BWXuQ90khXI0oi.1","action":"SyncServerConnectionManagerRequest", "result":"SYNC_SERVER_OK", "context":{"environment":"Prod_WestEurope_000l", "migrationStage":"NotStarted", "server":"GENERAL01000003"}}
{"logTime": "1227/184722", "correlationVector":"DkllsJk1BWXuQ90khXI0oi.2","action":"GetUpdates Response", "result":"Success", "context":Received 165 update(s). cV=DkllsJk1BWXuQ90khXI0oi.0;server=GENERAL01000003;cloudType=Consumer;environment=Prod_WestEurope_000l;migrationStage=NotStarted}
{"logTime": "1227/184723", "correlationVector":"Y6vPKxXGbA19g6sFqGLer8","action":"Initial GetUpdates", "result":"", "context":Reason: NEWLY_SUPPORTED_DATATYPE. cV=Y6vPKxXGbA19g6sFqGLer8}
{"logTime": "1227/184723", "correlationVector":"Y6vPKxXGbA19g6sFqGLer8.1","action":"SyncServerConnectionManagerRequest", "result":"SYNC_SERVER_OK", "context":{"environment":"Prod_WestEurope_000l", "migrationStage":"NotStarted", "server":"GENERAL01000001"}}
{"logTime": "1227/184723", "correlationVector":"Y6vPKxXGbA19g6sFqGLer8.2","action":"GetUpdates", "result":"DeleteReceived", "context":{"id":"07c4f47c-90cc-410c-ae9d-cbaa1490560f", "isDeleted:":"true", "version":"1727882310382"}}
{"logTime": "1227/184723", "correlationVector":"Y6vPKxXGbA19g6sFqGLer8.3","action":"GetUpdates", "result":"DeleteReceived", "context":{"id":"ab0438fe-f97a-4611-a62c-597476dcc1b5", "isDeleted:":"true", "version":"1727962690807"}}
{"logTime": "1227/184723", "correlationVector":"Y6vPKxXGbA19g6sFqGLer8.4","action":"GetUpdates", "result":"DeleteReceived", "context":{"id":"b5c89ee8-b8a9-47fd-8f33-46c1a9be1dc1", "isDeleted:":"true", "version":"1727972641811"}}
{"logTime": "1227/184723", "correlationVector":"Y6vPKxXGbA19g6sFqGLer8.5","action":"GetUpdates", "result":"DeleteReceived", "context":{"id":"17c12619-6941-4f5f-9ba9-1f3887488c8a", "isDeleted:":"true", "version":"1727972641812"}}
{"logTime": "1227/184723", "correlationVector":"Y6vPKxXGbA19g6sFqGLer8.6","action":"GetUpdates", "result":"DeleteReceived", "context":{"id":"a65f2157-b291-43a5-afcf-363aa8588080", "isDeleted:":"true", "version":"1727974565944"}}
{"logTime": "1227/184723", "correlationVector":"Y6vPKxXGbA19g6sFqGLer8.7","action":"GetUpdates", "result":"DeleteReceived", "context":{"id":"63330649-eeca-4a52-91cb-f188458f15b6", "isDeleted:":"true", "version":"1727974565946"}}
{"logTime": "1227/184723", "correlationVector":"Y6vPKxXGbA19g6sFqGLer8.8","action":"GetUpdates", "result":"DeleteReceived", "context":{"id":"1f0c7e8b-1437-4825-bc20-cff403c297e2", "isDeleted:":"true", "version":"1727974565947"}}
{"logTime": "1227/184723", "correlationVector":"Y6vPKxXGbA19g6sFqGLer8.9","action":"GetUpdates", "result":"DeleteReceived", "context":{"id":"d23c1517-c83f-452c-ad8a-e5c5bd2a1315", "isDeleted:":"true", "version":"1727974565951"}}
{"logTime": "1227/184723", "correlationVector":"Y6vPKxXGbA19g6sFqGLer8.10","action":"GetUpdates", "result":"DeleteReceived", "context":{"id":"b487d314-5c52-4781-bb3b-c05e8310f849", "isDeleted:":"true", "version":"1727975212081"}}
{"logTime": "1227/184723", "correlationVector":"Y6vPKxXGbA19g6sFqGLer8.11","action":"GetUpdates", "result":"DeleteReceived", "context":{"id":"1cc819b3-f9f3-4a3c-9f8f-0654cbd8aeed", "isDeleted:":"true", "version":"1727975255934"}}
{"logTime": "1227/184723", "correlationVector":"Y6vPKxXGbA19g6sFqGLer8.12","action":"GetUpdates", "result":"DeleteReceived", "context":{"id":"7f705eb7-4b59-4638-a776-9661369f8766", "isDeleted:":"true", "version":"1727975255935"}}
{"logTime": "1227/184723", "correlationVector":"Y6vPKxXGbA19g6sFqGLer8.13","action":"GetUpdates", "result":"DeleteReceived", "context":{"id":"c6deffd4-4831-4c66-b3d0-be19de6a5367", "isDeleted:":"true", "version":"1727975255936"}}
{"logTime": "1227/184723", "correlationVector":"Y6vPKxXGbA19g6sFqGLer8.14","action":"GetUpdates", "result":"DeleteReceived", "context":{"id":"6f8cd946-194c-4fbb-ad6e-79e9eb013ebc", "isDeleted:":"true", "version":"1727975255937"}}
{"logTime": "1227/184723", "correlationVector":"Y6vPKxXGbA19g6sFqGLer8.15","action":"GetUpdates", "result":"DeleteReceived", "context":{"id":"4dc841f1-f89c-4f6c-98a1-41a781725a75", "isDeleted:":"true", "version":"1727975255938"}}
{"logTime": "1227/184723", "correlationVector":"Y6vPKxXGbA19g6sFqGLer8.16","action":"GetUpdates", "result":"DeleteReceived", "context":{"id":"9c0b0c40-6a66-4adb-91a5-6b36463a2612", "isDeleted:":"true", "version":"1727975255940"}}
{"logTime": "1227/184723", "correlationVector":"Y6vPKxXGbA19g6sFqGLer8.17","action":"GetUpdates", "result":"DeleteReceived", "context":{"id":"46ff3996-80b6-44eb-8da0-3ff71cca8bfd", "isDeleted:":"true", "version":"1727975255941"}}
{"logTime": "1227/184723", "correlationVector":"Y6vPKxXGbA19g6sFqGLer8.18","action":"GetUpdates", "result":"DeleteReceived", "context":{"id":"11ca36b8-cb63-4567-ad3e-cc08cf022d0a", "isDeleted:":"true", "version":"1727975255942"}}
{"logTime": "1227/184723", "correlationVector":"Y6vPKxXGbA19g6sFqGLer8.19","action":"GetUpdates", "result":"DeleteReceived", "context":{"id":"8d20cd8b-5091-4e39-b043-e96e10178122", "isDeleted:":"true", "version":"1727975314037"}}
{"logTime": "1227/184723", "correlationVector":"Y6vPKxXGbA19g6sFqGLer8.20","action":"GetUpdates", "result":"DeleteReceived", "context":{"id":"3d55e72d-e8f2-40d9-bef9-aa647aab8ea7", "isDeleted:":"true", "version":"1727975884139"}}
{"logTime": "1227/184723", "correlationVector":"Y6vPKxXGbA19g6sFqGLer8.21","action":"GetUpdates", "result":"DeleteReceived", "context":{"id":"e3fb1bed-c5da-41fc-848d-9e592661aec2", "isDeleted:":"true", "version":"1727976113728"}}
{"logTime": "1227/184723", "correlationVector":"Y6vPKxXGbA19g6sFqGLer8.22","action":"GetUpdates", "result":"DeleteReceived", "context":{"id":"2526e619-987a-4a3b-8163-0b4f953b1630", "isDeleted:":"true", "version":"1727976113729"}}
{"logTime": "1227/184723", "correlationVector":"Y6vPKxXGbA19g6sFqGLer8.23","action":"GetUpdates", "result":"DeleteReceived", "context":{"id":"6e1f81c8-88b7-4d3f-8cf8-4994174ba64b", "isDeleted:":"true", "version":"1727976113731"}}
{"logTime": "1227/184723", "correlationVector":"Y6vPKxXGbA19g6sFqGLer8.24","action":"GetUpdates", "result":"DeleteReceived", "context":{"id":"39c64360-3038-453e-97d6-99ce26550dce", "isDeleted:":"true", "version":"1727976113733"}}
{"logTime": "1227/184723", "correlationVector":"Y6vPKxXGbA19g6sFqGLer8.25","action":"GetUpdates", "result":"DeleteReceived", "context":{"id":"56a606b8-8b65-4682-91ab-cdfd1b96bfbf", "isDeleted:":"true", "version":"1727977076269"}}
{"logTime": "1227/184723", "correlationVector":"Y6vPKxXGbA19g6sFqGLer8.26","action":"GetUpdates", "result":"DeleteReceived", "context":{"id":"b1e12d98-1b1c-4c07-ad0e-aafece0ab202", "isDeleted:":"true", "version":"1727977076270"}}
{"logTime": "1227/184723", "correlationVector":"Y6vPKxXGbA19g6sFqGLer8.27","action":"GetUpdates", "result":"DeleteReceived", "context":{"id":"2a4bb228-c216-4039-b197-f6adac66b7c6", "isDeleted:":"true", "version":"1727982648076"}}
{"logTime": "1227/184723", "correlationVector":"Y6vPKxXGbA19g6sFqGLer8.28","action":"GetUpdates", "result":"DeleteReceived", "context":{"id":"e2e6824b-68ba-48ed-8191-ae1df019e579", "isDeleted:":"true", "version":"1728070636682"}}
{"logTime": "1227/184723", "correlationVector":"Y6vPKxXGbA19g6sFqGLer8.29","action":"GetUpdates", "result":"DeleteReceived", "context":{"id":"b2aa84a5-b2a7-4418-974a-997cd1961864", "isDeleted:":"true", "version":"1728070725881"}}
{"logTime": "1227/184723", "correlationVector":"Y6vPKxXGbA19g6sFqGLer8.30","action":"GetUpdates", "result":"DeleteReceived", "context":{"id":"2363332a-49cc-4305-a8bc-17a308237c34", "isDeleted:":"true", "version":"1728070813424"}}
{"logTime": "1227/184723", "correlationVector":"Y6vPKxXGbA19g6sFqGLer8.31","action":"GetUpdates", "result":"DeleteReceived", "context":{"id":"aca6d584-5040-4e96-be1f-50c3ceddf800", "isDeleted:":"true", "version":"1728071117606"}}
{"logTime": "1227/184723", "correlationVector":"Y6vPKxXGbA19g6sFqGLer8.32","action":"GetUpdates", "result":"DeleteReceived", "context":{"id":"40fc28a4-1318-4e76-ae78-f6bf0768d3b0", "isDeleted:":"true", "version":"1728071295638"}}
{"logTime": "1227/184723", "correlationVector":"Y6vPKxXGbA19g6sFqGLer8.33","action":"GetUpdates", "result":"DeleteReceived", "context":{"id":"7e208715-00b1-4eb8-8eef-4b1b02f67e30", "isDeleted:":"true", "version":"1728071497768"}}
{"logTime": "1227/184723", "correlationVector":"Y6vPKxXGbA19g6sFqGLer8.34","action":"GetUpdates", "result":"DeleteReceived", "context":{"id":"6f2f3c21-f0b6-4a0f-907e-77dd10f7836a", "isDeleted:":"true", "version":"1728071497770"}}
{"logTime": "1227/184723", "correlationVector":"Y6vPKxXGbA19g6sFqGLer8.35","action":"GetUpdates", "result":"DeleteReceived", "context":{"id":"c80988d8-0ef9-4551-bf4c-a239f550aa4c", "isDeleted:":"true", "version":"1728071818156"}}
{"logTime": "1227/184723", "correlationVector":"Y6vPKxXGbA19g6sFqGLer8.36","action":"GetUpdates", "result":"DeleteReceived", "context":{"id":"8478c271-d75d-4ff6-8e47-dc36740a56fc", "isDeleted:":"true", "version":"1728071850032"}}
{"logTime": "1227/184723", "correlationVector":"Y6vPKxXGbA19g6sFqGLer8.37","action":"GetUpdates", "result":"DeleteReceived", "context":{"id":"2dc40cec-3eb1-4dda-8ee4-a6461f69153a", "isDeleted:":"true", "version":"1728140602842"}}
{"logTime": "1227/184723", "correlationVector":"Y6vPKxXGbA19g6sFqGLer8.38","action":"GetUpdates", "result":"DeleteReceived", "context":{"id":"d9ba48ce-f2c4-41a5-9104-d8e71c0c8073", "isDeleted:":"true", "version":"1728140679174"}}
{"logTime": "1227/184723", "correlationVector":"Y6vPKxXGbA19g6sFqGLer8.39","action":"GetUpdates", "result":"DeleteReceived", "context":{"id":"43500c44-4f9a-482e-b5c0-769d9e94634c", "isDeleted:":"true", "version":"1728149821996"}}
{"logTime": "1227/184723", "correlationVector":"Y6vPKxXGbA19g6sFqGLer8.40","action":"GetUpdates", "result":"DeleteReceived", "context":{"id":"c499ea60-8503-4ae1-8e71-267e703e2c6d", "isDeleted:":"true", "version":"1728150737344"}}
{"logTime": "1227/184723", "correlationVector":"Y6vPKxXGbA19g6sFqGLer8.41","action":"GetUpdates", "result":"DeleteReceived", "context":{"id":"d427b012-dad6-4c39-af96-425cf5f51923", "isDeleted:":"true", "version":"1728150963008"}}
{"logTime": "1227/184723", "correlationVector":"Y6vPKxXGbA19g6sFqGLer8.42","action":"GetUpdates", "result":"DeleteReceived", "context":{"id":"9d3c259d-0409-4ff4-ae9d-dd36c8c9f546", "isDeleted:":"true", "version":"1728213528792"}}
{"logTime": "1227/184723", "correlationVector":"Y6vPKxXGbA19g6sFqGLer8.43","action":"GetUpdates", "result":"DeleteReceived", "context":{"id":"cea85891-3bc8-40ff-9d41-32477b1ac310", "isDeleted:":"true", "version":"1728213746333"}}
{"logTime": "1227/184723", "correlationVector":"Y6vPKxXGbA19g6sFqGLer8.44","action":"GetUpdates", "result":"DeleteReceived", "context":{"id":"d94bb831-94cc-46d3-8709-efa5e997e356", "isDeleted:":"true", "version":"1728213777026"}}
{"logTime": "1227/184723", "correlationVector":"Y6vPKxXGbA19g6sFqGLer8.45","action":"GetUpdates", "result":"DeleteReceived", "context":{"id":"ec2cde09-fd05-4efe-a36f-d25674e478f6", "isDeleted:":"true", "version":"1728213808567"}}
{"logTime": "1227/184723", "correlationVector":"Y6vPKxXGbA19g6sFqGLer8.46","action":"GetUpdates", "result":"DeleteReceived", "context":{"id":"babdd22d-c510-48a3-9b5b-ca72a79d939b", "isDeleted:":"true", "version":"1728214164190"}}
{"logTime": "1227/184723", "correlationVector":"Y6vPKxXGbA19g6sFqGLer8.47","action":"GetUpdates", "result":"DeleteReceived", "context":{"id":"b0f82c60-0cb6-451d-98fb-5b4dccd7f09d", "isDeleted:":"true", "version":"1728214164191"}}
{"logTime": "1227/184723", "correlationVector":"Y6vPKxXGbA19g6sFqGLer8.48","action":"GetUpdates", "result":"DeleteReceived", "context":{"id":"c16c1a97-a429-4300-86c7-cf85833b72a8", "isDeleted:":"true", "version":"1728214370992"}}
{"logTime": "1227/184723", "correlationVector":"Y6vPKxXGbA19g6sFqGLer8.49","action":"GetUpdates", "result":"DeleteReceived", "context":{"id":"51fe1570-a6c6-4602-a371-3040a16816e1", "isDeleted:":"true", "version":"1728214370993"}}
{"logTime": "1227/184723", "correlationVector":"Y6vPKxXGbA19g6sFqGLer8.50","action":"GetUpdates", "result":"DeleteReceived", "context":{"id":"d4380c7b-ed98-46fd-a983-25d65bf0d6d2", "isDeleted:":"true", "version":"1728214436182"}}
{"logTime": "1227/184723", "correlationVector":"Y6vPKxXGbA19g6sFqGLer8.51","action":"GetUpdates", "result":"DeleteReceived", "context":{"id":"7910d577-6cbd-4db7-a24b-2d24b93c9c01", "isDeleted:":"true", "version":"1728214436184"}}
{"logTime": "1227/184723", "correlationVector":"Y6vPKxXGbA19g6sFqGLer8.52","action":"GetUpdates", "result":"DeleteReceived", "context":{"id":"199576a7-92c9-4f05-b9e2-b5c0af743e1a", "isDeleted:":"true", "version":"1728214566335"}}
{"logTime": "1227/184723", "correlationVector":"Y6vPKxXGbA19g6sFqGLer8.53","action":"GetUpdates", "result":"DeleteReceived", "context":{"id":"f72f29e1-782e-4dc5-a61c-e2d1225c4cad", "isDeleted:":"true", "version":"1728214636949"}}
{"logTime": "1227/184723", "correlationVector":"Y6vPKxXGbA19g6sFqGLer8.54","action":"GetUpdates", "result":"DeleteReceived", "context":{"id":"e4301045-8bb3-4400-b4e4-655beb4b99b2", "isDeleted:":"true", "version":"1728214727128"}}
{"logTime": "1227/184723", "correlationVector":"Y6vPKxXGbA19g6sFqGLer8.55","action":"GetUpdates", "result":"DeleteReceived", "context":{"id":"03599c61-f111-4931-ba02-7f7f4a04702e", "isDeleted:":"true", "version":"1728214865229"}}
{"logTime": "1227/184723", "correlationVector":"Y6vPKxXGbA19g6sFqGLer8.56","action":"GetUpdates", "result":"DeleteReceived", "context":{"id":"865b5633-c3a0-4a15-bc59-11507271a34c", "isDeleted:":"true", "version":"1728215231129"}}
{"logTime": "1227/184723", "correlationVector":"Y6vPKxXGbA19g6sFqGLer8.57","action":"GetUpdates", "result":"DeleteReceived", "context":{"id":"ce5a1aba-20b3-41a6-a028-53d8102b7c1b", "isDeleted:":"true", "version":"1728215352077"}}
{"logTime": "1227/184723", "correlationVector":"Y6vPKxXGbA19g6sFqGLer8.58","action":"GetUpdates", "result":"DeleteReceived", "context":{"id":"06dbea9c-4bc7-4611-bcc9-dc5826216172", "isDeleted:":"true", "version":"1728215415545"}}
{"logTime": "1227/184723", "correlationVector":"Y6vPKxXGbA19g6sFqGLer8.59","action":"GetUpdates", "result":"DeleteReceived", "context":{"id":"89ea1460-d5ce-4652-a781-b0acd67702d7", "isDeleted:":"true", "version":"1728216938179"}}
{"logTime": "1227/184723", "correlationVector":"Y6vPKxXGbA19g6sFqGLer8.60","action":"GetUpdates", "result":"DeleteReceived", "context":{"id":"b7dfa819-8e80-42fa-88b6-f4f2d2260c5b", "isDeleted:":"true", "version":"1728218198825"}}
{"logTime": "1227/184723", "correlationVector":"Y6vPKxXGbA19g6sFqGLer8.61","action":"GetUpdates", "result":"DeleteReceived", "context":{"id":"3090f455-bd76-4475-95dc-d019dde5770e", "isDeleted:":"true", "version":"1728218367852"}}
{"logTime": "1227/184723", "correlationVector":"Y6vPKxXGbA19g6sFqGLer8.62","action":"GetUpdates", "result":"DeleteReceived", "context":{"id":"d59a7e6d-90bd-4ac9-b404-8a747cb7badc", "isDeleted:":"true", "version":"1728218488469"}}
{"logTime": "1227/184723", "correlationVector":"Y6vPKxXGbA19g6sFqGLer8.63","action":"GetUpdates", "result":"DeleteReceived", "context":{"id":"9c824e34-ca72-4264-967d-c3f6ae6b6626", "isDeleted:":"true", "version":"1728220170953"}}
{"logTime": "1227/184723", "correlationVector":"Y6vPKxXGbA19g6sFqGLer8.64","action":"GetUpdates", "result":"DeleteReceived", "context":{"id":"95d571b1-2be3-432d-b6bc-4aff760b7018", "isDeleted:":"true", "version":"1728220170954"}}
{"logTime": "1227/184723", "correlationVector":"Y6vPKxXGbA19g6sFqGLer8.65","action":"GetUpdates", "result":"DeleteReceived", "context":{"id":"425282bb-f5e1-4a38-adde-30ab207e664a", "isDeleted:":"true", "version":"1728220363090"}}
{"logTime": "1227/184723", "correlationVector":"Y6vPKxXGbA19g6sFqGLer8.66","action":"GetUpdates", "result":"DeleteReceived", "context":{"id":"f8e5edec-1845-46e4-8fc7-7e7ca19ea30c", "isDeleted:":"true", "version":"1728220363093"}}
{"logTime": "1227/184723", "correlationVector":"Y6vPKxXGbA19g6sFqGLer8.67","action":"GetUpdates", "result":"DeleteReceived", "context":{"id":"f8ae5b73-3539-4b21-a935-d9746950fc08", "isDeleted:":"true", "version":"1728220393715"}}
{"logTime": "1227/184723", "correlationVector":"Y6vPKxXGbA19g6sFqGLer8.68","action":"GetUpdates", "result":"DeleteReceived", "context":{"id":"473a7ce9-764f-489d-8ed1-c6c29181e9e9", "isDeleted:":"true", "version":"1728220393716"}}
{"logTime": "1227/184723", "correlationVector":"Y6vPKxXGbA19g6sFqGLer8.69","action":"GetUpdates", "result":"DeleteReceived", "context":{"id":"b932c511-78cd-4190-8c2b-a51e6a84190e", "isDeleted:":"true", "version":"1728220604760"}}
{"logTime": "1227/184723", "correlationVector":"Y6vPKxXGbA19g6sFqGLer8.70","action":"GetUpdates", "result":"DeleteReceived", "context":{"id":"9af3fdf8-d8b8-4180-86a5-a3bf2f00ad7f", "isDeleted:":"true", "version":"1728220729449"}}
{"logTime": "1227/184723", "correlationVector":"Y6vPKxXGbA19g6sFqGLer8.71","action":"GetUpdates", "result":"DeleteReceived", "context":{"id":"b0c6ff8c-88c9-4d6b-89d5-389521b74865", "isDeleted:":"true", "version":"1728220741813"}}
{"logTime": "1227/184723", "correlationVector":"Y6vPKxXGbA19g6sFqGLer8.72","action":"GetUpdates", "result":"DeleteReceived", "context":{"id":"5261f831-38d1-4e04-a3d7-80237b79433b", "isDeleted:":"true", "version":"1728220775274"}}
{"logTime": "1227/184723", "correlationVector":"Y6vPKxXGbA19g6sFqGLer8.73","action":"GetUpdates", "result":"DeleteReceived", "context":{"id":"7e04c4de-35bb-40ee-a9ed-c782f458a002", "isDeleted:":"true", "version":"1728221168986"}}
{"logTime": "1227/184723", "correlationVector":"Y6vPKxXGbA19g6sFqGLer8.74","action":"GetUpdates", "result":"DeleteReceived", "context":{"id":"067a0cfb-f948-43fa-b5dd-c80140ab1791", "isDeleted:":"true", "version":"1728221302290"}}
{"logTime": "1227/184723", "correlationVector":"Y6vPKxXGbA19g6sFqGLer8.75","action":"GetUpdates", "result":"DeleteReceived", "context":{"id":"3dddd1a4-f5d7-4696-beb3-695eb0d964cf", "isDeleted:":"true", "version":"1728221481663"}}
{"logTime": "1227/184723", "correlationVector":"Y6vPKxXGbA19g6sFqGLer8.76","action":"GetUpdates", "result":"DeleteReceived", "context":{"id":"063a4f9c-cce3-43ef-a9ac-7218ea5d7d9c", "isDeleted:":"true", "version":"1728225258463"}}
{"logTime": "1227/184723", "correlationVector":"Y6vPKxXGbA19g6sFqGLer8.77","action":"GetUpdates", "result":"DeleteReceived", "context":{"id":"02e84c49-e7f9-47df-9699-eba41aabf2d9", "isDeleted:":"true", "version":"1728227698609"}}
{"logTime": "1227/184723", "correlationVector":"Y6vPKxXGbA19g6sFqGLer8.78","action":"GetUpdates", "result":"DeleteReceived", "context":{"id":"d18eab4c-1ecb-4fc5-9145-1f2501bb6d25", "isDeleted:":"true", "version":"1728228167591"}}
{"logTime": "1227/184723", "correlationVector":"Y6vPKxXGbA19g6sFqGLer8.79","action":"GetUpdates", "result":"DeleteReceived", "context":{"id":"93c11f6f-15fb-4172-9a37-7e9c886bd264", "isDeleted:":"true", "version":"1728228389427"}}
{"logTime": "1227/184723", "correlationVector":"Y6vPKxXGbA19g6sFqGLer8.80","action":"GetUpdates", "result":"DeleteReceived", "context":{"id":"8a18c90a-dee3-42f2-9d31-8920348dff56", "isDeleted:":"true", "version":"1728229147122"}}
{"logTime": "1227/184723", "correlationVector":"Y6vPKxXGbA19g6sFqGLer8.81","action":"GetUpdates", "result":"DeleteReceived", "context":{"id":"db577f2c-9700-4f0f-82c4-f487b2e09de8", "isDeleted:":"true", "version":"1728229147123"}}
{"logTime": "1227/184723", "correlationVector":"Y6vPKxXGbA19g6sFqGLer8.82","action":"GetUpdates", "result":"DeleteReceived", "context":{"id":"1d320efe-59a2-4d69-84df-b35d8b367622", "isDeleted:":"true", "version":"1728308350125"}}
{"logTime": "1227/184723", "correlationVector":"Y6vPKxXGbA19g6sFqGLer8.83","action":"GetUpdates", "result":"DeleteReceived", "context":{"id":"e2e57d90-28c1-4f29-8f17-1a7ce6a1ba48", "isDeleted:":"true", "version":"1728308350126"}}
{"logTime": "1227/184723", "correlationVector":"Y6vPKxXGbA19g6sFqGLer8.84","action":"GetUpdates", "result":"DeleteReceived", "context":{"id":"26d9b7f3-a2c9-4aa8-8cb5-9bd3f46446f1", "isDeleted:":"true", "version":"1728308350127"}}
{"logTime": "1227/184723", "correlationVector":"Y6vPKxXGbA19g6sFqGLer8.85","action":"GetUpdates", "result":"DeleteReceived", "context":{"id":"bee04749-291c-4c1c-ae3e-45827bd1ec66", "isDeleted:":"true", "version":"1728308381372"}}
{"logTime": "1227/184723", "correlationVector":"Y6vPKxXGbA19g6sFqGLer8.86","action":"GetUpdates", "result":"DeleteReceived", "context":{"id":"06346218-8f51-4eba-86c2-1b9156600f99", "isDeleted:":"true", "version":"1728308422095"}}
{"logTime": "1227/184723", "correlationVector":"Y6vPKxXGbA19g6sFqGLer8.87","action":"GetUpdates", "result":"DeleteReceived", "context":{"id":"2a526de8-d071-49cd-8fd1-3c91ba303dc3", "isDeleted:":"true", "version":"1728309530498"}}
{"logTime": "1227/184723", "correlationVector":"Y6vPKxXGbA19g6sFqGLer8.88","action":"GetUpdates", "result":"DeleteReceived", "context":{"id":"da75b972-3e75-4d38-9728-38148f383a7d", "isDeleted:":"true", "version":"1728311253607"}}
{"logTime": "1227/184723", "correlationVector":"Y6vPKxXGbA19g6sFqGLer8.89","action":"GetUpdates", "result":"DeleteReceived", "context":{"id":"571cdd90-a47a-4318-9812-b28f48434732", "isDeleted:":"true", "version":"1728311680136"}}
{"logTime": "1227/184723", "correlationVector":"Y6vPKxXGbA19g6sFqGLer8.90","action":"GetUpdates", "result":"DeleteReceived", "context":{"id":"1bdefe6a-bff2-4f30-b858-d08762700862", "isDeleted:":"true", "version":"1728311859823"}}
{"logTime": "1227/184723", "correlationVector":"Y6vPKxXGbA19g6sFqGLer8.91","action":"GetUpdates", "result":"DeleteReceived", "context":{"id":"2193c92b-522e-41e9-ad60-c2e1c6d931aa", "isDeleted:":"true", "version":"1728390257068"}}
{"logTime": "1227/184723", "correlationVector":"Y6vPKxXGbA19g6sFqGLer8.92","action":"GetUpdates", "result":"DeleteReceived", "context":{"id":"02ba5ff3-0649-4342-ae68-1b42e7a3871b", "isDeleted:":"true", "version":"1728390257069"}}
{"logTime": "1227/184723", "correlationVector":"Y6vPKxXGbA19g6sFqGLer8.93","action":"GetUpdates", "result":"DeleteReceived", "context":{"id":"2e5ece89-d6a7-4295-9f08-b3418f834369", "isDeleted:":"true", "version":"1728390257070"}}
{"logTime": "1227/184723", "correlationVector":"Y6vPKxXGbA19g6sFqGLer8.94","action":"GetUpdates", "result":"DeleteReceived", "context":{"id":"6b39e8a1-be3d-471a-b6cd-1dca5310fa59", "isDeleted:":"true", "version":"1728392025828"}}
{"logTime": "1227/184723", "correlationVector":"Y6vPKxXGbA19g6sFqGLer8.95","action":"GetUpdates", "result":"DeleteReceived", "context":{"id":"b25bdb14-9261-4c1d-a3d4-a2d7b1b51de5", "isDeleted:":"true", "version":"1728392025829"}}
{"logTime": "1227/184723", "correlationVector":"Y6vPKxXGbA19g6sFqGLer8.96","action":"GetUpdates", "result":"DeleteReceived", "context":{"id":"9191a51b-cd39-43e7-b0ab-271152e11b8c", "isDeleted:":"true", "version":"1728392153213"}}
{"logTime": "1227/184723", "correlationVector":"Y6vPKxXGbA19g6sFqGLer8.97","action":"GetUpdates", "result":"DeleteReceived", "context":{"id":"c71eb69c-01ca-4362-80bd-1e1156c9da35", "isDeleted:":"true", "version":"1728393240741"}}
{"logTime": "1227/184723", "correlationVector":"Y6vPKxXGbA19g6sFqGLer8.98","action":"GetUpdates", "result":"DeleteReceived", "context":{"id":"c52afd6f-221a-4fad-b16e-d7dc9afb1e8c", "isDeleted:":"true", "version":"1728393314207"}}
{"logTime": "1227/184723", "correlationVector":"Y6vPKxXGbA19g6sFqGLer8.99","action":"GetUpdates", "result":"DeleteReceived", "context":{"id":"2aa15df7-3c34-47fe-8fcb-fbcf909fc8f5", "isDeleted:":"true", "version":"1728393378359"}}
{"logTime": "1227/184723", "correlationVector":"Y6vPKxXGbA19g6sFqGLer8.100","action":"GetUpdates", "result":"DeleteReceived", "context":{"id":"9dc59ace-4737-4d16-a131-3efa314ecfdf", "isDeleted:":"true", "version":"1728393469629"}}
{"logTime": "1227/184723", "correlationVector":"Y6vPKxXGbA19g6sFqGLer8.101","action":"GetUpdates", "result":"DeleteReceived", "context":{"id":"cd938935-b132-4e81-aeed-04f47a6c2938", "isDeleted:":"true", "version":"1728394794839"}}
{"logTime": "1227/184723", "correlationVector":"Y6vPKxXGbA19g6sFqGLer8.102","action":"GetUpdates", "result":"DeleteReceived", "context":{"id":"f37900c9-d6c5-48c3-bd1f-552dbf9c73e6", "isDeleted:":"true", "version":"1728396199482"}}
{"logTime": "1227/184723", "correlationVector":"Y6vPKxXGbA19g6sFqGLer8.103","action":"GetUpdates", "result":"DeleteReceived", "context":{"id":"dca0b115-4903-4f51-b26a-dd11ca5a04af", "isDeleted:":"true", "version":"1728396533334"}}
{"logTime": "1227/184723", "correlationVector":"Y6vPKxXGbA19g6sFqGLer8.104","action":"GetUpdates", "result":"DeleteReceived", "context":{"id":"6101681a-ca00-4f67-b3ff-3b3a11869dea", "isDeleted:":"true", "version":"1728397409857"}}
{"logTime": "1227/184723", "correlationVector":"Y6vPKxXGbA19g6sFqGLer8.105","action":"GetUpdates", "result":"DeleteReceived", "context":{"id":"1d854c28-8984-4daf-b2ad-8a31446d5a0b", "isDeleted:":"true", "version":"1728397506449"}}
{"logTime": "1227/184723", "correlationVector":"Y6vPKxXGbA19g6sFqGLer8.106","action":"GetUpdates", "result":"DeleteReceived", "context":{"id":"91e62d2a-0059-416e-aaa9-830d055baf08", "isDeleted:":"true", "version":"1728397828417"}}
{"logTime": "1227/184723", "correlationVector":"Y6vPKxXGbA19g6sFqGLer8.107","action":"GetUpdates", "result":"DeleteReceived", "context":{"id":"19359710-a6fc-4f4b-9a18-455eb85db8b9", "isDeleted:":"true", "version":"1728398233892"}}
{"logTime": "1227/184723", "correlationVector":"Y6vPKxXGbA19g6sFqGLer8.108","action":"GetUpdates", "result":"DeleteReceived", "context":{"id":"f2876855-4eab-4982-a3f7-8c5c3445b800", "isDeleted:":"true", "version":"1728398233893"}}
{"logTime": "1227/184723", "correlationVector":"Y6vPKxXGbA19g6sFqGLer8.109","action":"GetUpdates", "result":"DeleteReceived", "context":{"id":"6415f6b0-beaa-439c-b065-b04eaf486069", "isDeleted:":"true", "version":"1728398298019"}}
{"logTime": "1227/184723", "correlationVector":"Y6vPKxXGbA19g6sFqGLer8.110","action":"GetUpdates", "result":"DeleteReceived", "context":{"id":"948957cb-6013-4ef6-9868-423ce2c9647d", "isDeleted:":"true", "version":"1728400319933"}}
{"logTime": "1227/184723", "correlationVector":"Y6vPKxXGbA19g6sFqGLer8.111","action":"GetUpdates", "result":"DeleteReceived", "context":{"id":"91208bab-74ff-4bab-9156-4795a3d25cec", "isDeleted:":"true", "version":"1728403021143"}}
{"logTime": "1227/184723", "correlationVector":"Y6vPKxXGbA19g6sFqGLer8.112","action":"GetUpdates", "result":"DeleteReceived", "context":{"id":"658db837-aac3-4cde-b4b5-85084a638e9e", "isDeleted:":"true", "version":"1728403423870"}}
{"logTime": "1227/184723", "correlationVector":"Y6vPKxXGbA19g6sFqGLer8.113","action":"GetUpdates", "result":"DeleteReceived", "context":{"id":"28967c40-926d-4009-be34-e24f5b7b7b6b", "isDeleted:":"true", "version":"1728403423871"}}
{"logTime": "1227/184723", "correlationVector":"Y6vPKxXGbA19g6sFqGLer8.114","action":"GetUpdates", "result":"DeleteReceived", "context":{"id":"ed30f4cd-08bb-4597-9f20-658feb4be654", "isDeleted:":"true", "version":"1728403423872"}}
{"logTime": "1227/184723", "correlationVector":"Y6vPKxXGbA19g6sFqGLer8.115","action":"GetUpdates", "result":"DeleteReceived", "context":{"id":"e3d41faf-920a-4c47-a3d8-0c598efc85e0", "isDeleted:":"true", "version":"1728404890752"}}
{"logTime": "1227/184723", "correlationVector":"Y6vPKxXGbA19g6sFqGLer8.116","action":"GetUpdates", "result":"DeleteReceived", "context":{"id":"49a2c881-8521-492c-b231-7470547248dd", "isDeleted:":"true", "version":"1728406878948"}}
{"logTime": "1227/184723", "correlationVector":"Y6vPKxXGbA19g6sFqGLer8.117","action":"GetUpdates", "result":"DeleteReceived", "context":{"id":"6a47ac49-f29b-4890-90b0-e41728a4d20d", "isDeleted:":"true", "version":"1728423761961"}}
{"logTime": "1227/184723", "correlationVector":"Y6vPKxXGbA19g6sFqGLer8.118","action":"GetUpdates", "result":"DeleteReceived", "context":{"id":"b6661690-b69a-4b88-98ed-d388ca3ddada", "isDeleted:":"true", "version":"1728423843303"}}
{"logTime": "1227/184723", "correlationVector":"Y6vPKxXGbA19g6sFqGLer8.119","action":"GetUpdates", "result":"DeleteReceived", "context":{"id":"d3b17c63-2b90-4878-a4c2-1925e305aedf", "isDeleted:":"true", "version":"1728424197955"}}
{"logTime": "1227/184723", "correlationVector":"Y6vPKxXGbA19g6sFqGLer8.120","action":"GetUpdates", "result":"DeleteReceived", "context":{"id":"1f036a72-4b65-4f66-be2b-22213710b1fb", "isDeleted:":"true", "version":"1728477770668"}}
{"logTime": "1227/184723", "correlationVector":"Y6vPKxXGbA19g6sFqGLer8.121","action":"GetUpdates", "result":"DeleteReceived", "context":{"id":"b07a5af4-ede7-467e-944d-48b0e288d38f", "isDeleted:":"true", "version":"1728477785950"}}
{"logTime": "1227/184723", "correlationVector":"Y6vPKxXGbA19g6sFqGLer8.122","action":"GetUpdates", "result":"DeleteReceived", "context":{"id":"acd562fa-f5a6-48f0-9063-fa8627658313", "isDeleted:":"true", "version":"1728478023719"}}
{"logTime": "1227/184723", "correlationVector":"Y6vPKxXGbA19g6sFqGLer8.123","action":"GetUpdates", "result":"DeleteReceived", "context":{"id":"e84e0c11-3e74-4cb9-a1a8-9254580a1603", "isDeleted:":"true", "version":"1728478167508"}}
{"logTime": "1227/184723", "correlationVector":"Y6vPKxXGbA19g6sFqGLer8.124","action":"GetUpdates", "result":"DeleteReceived", "context":{"id":"8908d4ed-5e0d-4e6d-936c-c78156b2bff3", "isDeleted:":"true", "version":"1728478167509"}}
{"logTime": "1227/184723", "correlationVector":"Y6vPKxXGbA19g6sFqGLer8.125","action":"GetUpdates", "result":"DeleteReceived", "context":{"id":"30dd204a-db4d-4f1c-9c9c-06dd73246fe5", "isDeleted:":"true", "version":"1728478303907"}}
{"logTime": "1227/184723", "correlationVector":"Y6vPKxXGbA19g6sFqGLer8.126","action":"GetUpdates", "result":"DeleteReceived", "context":{"id":"e3c86617-e653-4570-ab65-afaa781ad3c4", "isDeleted:":"true", "version":"1728478303908"}}
{"logTime": "1227/184723", "correlationVector":"Y6vPKxXGbA19g6sFqGLer8.127","action":"GetUpdates", "result":"DeleteReceived", "context":{"id":"fe4f7577-aaef-4adc-805e-58bda98e55ea", "isDeleted:":"true", "version":"1728478303910"}}
{"logTime": "1227/184723", "correlationVector":"Y6vPKxXGbA19g6sFqGLer8.128","action":"GetUpdates", "result":"DeleteReceived", "context":{"id":"ed605eee-bc8c-4e7c-8ba2-76b47b7e6375", "isDeleted:":"true", "version":"1728478487303"}}
{"logTime": "1227/184723", "correlationVector":"Y6vPKxXGbA19g6sFqGLer8.129","action":"GetUpdates", "result":"DeleteReceived", "context":{"id":"09578f23-b4c4-4415-9aa7-8ac2b0482f06", "isDeleted:":"true", "version":"1728478566609"}}
{"logTime": "1227/184723", "correlationVector":"Y6vPKxXGbA19g6sFqGLer8.130","action":"GetUpdates", "result":"DeleteReceived", "context":{"id":"73aeb04f-4b48-4cd3-891e-fdfc536070c7", "isDeleted:":"true", "version":"1728479090738"}}
{"logTime": "1227/184723", "correlationVector":"Y6vPKxXGbA19g6sFqGLer8.131","action":"GetUpdates", "result":"DeleteReceived", "context":{"id":"8d95b95f-9239-4523-b9ed-ad5f100baa15", "isDeleted:":"true", "version":"1728479233053"}}
{"logTime": "1227/184723", "correlationVector":"Y6vPKxXGbA19g6sFqGLer8.132","action":"GetUpdates", "result":"DeleteReceived", "context":{"id":"07aee5c5-38dc-47b9-9ed4-449b1f8112ea", "isDeleted:":"true", "version":"1730180450607"}}
{"logTime": "1227/184723", "correlationVector":"Y6vPKxXGbA19g6sFqGLer8.133","action":"GetUpdates", "result":"DeleteReceived", "context":{"id":"448cca73-824c-4a3b-be62-81ac2a592365", "isDeleted:":"true", "version":"1730180450609"}}
{"logTime": "1227/184723", "correlationVector":"Y6vPKxXGbA19g6sFqGLer8.134","action":"GetUpdates", "result":"DeleteReceived", "context":{"id":"acc94637-68bb-4733-b72f-f3468a52fbbf", "isDeleted:":"true", "version":"1730180450610"}}
{"logTime": "1227/184723", "correlationVector":"Y6vPKxXGbA19g6sFqGLer8.135","action":"GetUpdates", "result":"DeleteReceived", "context":{"id":"0bc0b45d-e165-4488-9ccc-56236625e88e", "isDeleted:":"true", "version":"1730180450611"}}
{"logTime": "1227/184723", "correlationVector":"Y6vPKxXGbA19g6sFqGLer8.136","action":"GetUpdates", "result":"DeleteReceived", "context":{"id":"c5e88212-cfdd-4377-ac6d-14362850057d", "isDeleted:":"true", "version":"1730180450612"}}
{"logTime": "1227/184723", "correlationVector":"Y6vPKxXGbA19g6sFqGLer8.137","action":"GetUpdates", "result":"DeleteReceived", "context":{"id":"2a08e65d-5b55-4379-8025-e7d64b2bb47d", "isDeleted:":"true", "version":"1730180450613"}}
{"logTime": "1227/184723", "correlationVector":"Y6vPKxXGbA19g6sFqGLer8.138","action":"GetUpdates", "result":"DeleteReceived", "context":{"id":"96a06395-539a-4e5e-8c7b-37fb1546b759", "isDeleted:":"true", "version":"1730180450614"}}
{"logTime": "1227/184723", "correlationVector":"Y6vPKxXGbA19g6sFqGLer8.139","action":"GetUpdates", "result":"DeleteReceived", "context":{"id":"f28815de-8da8-4305-bb29-24b7ac20ce17", "isDeleted:":"true", "version":"1730180450615"}}
{"logTime": "1227/184723", "correlationVector":"Y6vPKxXGbA19g6sFqGLer8.140","action":"GetUpdates", "result":"DeleteReceived", "context":{"id":"605373f3-91fc-4fcc-bea6-3aeb23279256", "isDeleted:":"true", "version":"1730180450616"}}
{"logTime": "1227/184723", "correlationVector":"Y6vPKxXGbA19g6sFqGLer8.141","action":"GetUpdates", "result":"DeleteReceived", "context":{"id":"2133639a-5dc3-4cd6-b7d9-63d8cc82feee", "isDeleted:":"true", "version":"1730180543963"}}
{"logTime": "1227/184723", "correlationVector":"Y6vPKxXGbA19g6sFqGLer8.142","action":"GetUpdates", "result":"DeleteReceived", "context":{"id":"185e3f09-4929-4df0-bd8d-7b7da18c2304", "isDeleted:":"true", "version":"1730193063587"}}
{"logTime": "1227/184723", "correlationVector":"Y6vPKxXGbA19g6sFqGLer8.143","action":"GetUpdates", "result":"DeleteReceived", "context":{"id":"7e813d9c-86da-4bf3-a425-a0eb13723d0a", "isDeleted:":"true", "version":"1730193132340"}}
{"logTime": "1227/184723", "correlationVector":"Y6vPKxXGbA19g6sFqGLer8.144","action":"GetUpdates", "result":"DeleteReceived", "context":{"id":"ac577916-feaf-4e95-92f9-2d0b53009eb8", "isDeleted:":"true", "version":"1730193184444"}}
{"logTime": "1227/184723", "correlationVector":"Y6vPKxXGbA19g6sFqGLer8.145","action":"GetUpdates", "result":"DeleteReceived", "context":{"id":"71bdc55f-895b-4701-b5be-057140370148", "isDeleted:":"true", "version":"1730195129833"}}
{"logTime": "1227/184723", "correlationVector":"Y6vPKxXGbA19g6sFqGLer8.146","action":"GetUpdates", "result":"DeleteReceived", "context":{"id":"8ec249b0-9010-4b42-9ce6-0bff63f1099c", "isDeleted:":"true", "version":"1730195230284"}}
{"logTime": "1227/184723", "correlationVector":"Y6vPKxXGbA19g6sFqGLer8.147","action":"GetUpdates", "result":"DeleteReceived", "context":{"id":"71d5052e-73fa-45ea-8398-bf85cece1539", "isDeleted:":"true", "version":"1730195368424"}}
{"logTime": "1227/184723", "correlationVector":"Y6vPKxXGbA19g6sFqGLer8.148","action":"GetUpdates", "result":"DeleteReceived", "context":{"id":"5ae4a6d8-ce0f-4a25-9cfd-1aac54cfc979", "isDeleted:":"true", "version":"1730195655597"}}
{"logTime": "1227/184723", "correlationVector":"Y6vPKxXGbA19g6sFqGLer8.149","action":"GetUpdates", "result":"DeleteReceived", "context":{"id":"ff30fc5c-aca7-41dd-8608-88b67311c2aa", "isDeleted:":"true", "version":"1730196619563"}}
{"logTime": "1227/184723", "correlationVector":"Y6vPKxXGbA19g6sFqGLer8.150","action":"GetUpdates", "result":"DeleteReceived", "context":{"id":"0346e66d-23e7-4e2c-8812-6fd3e87a4691", "isDeleted:":"true", "version":"1730197621448"}}
{"logTime": "1227/184723", "correlationVector":"Y6vPKxXGbA19g6sFqGLer8.151","action":"GetUpdates", "result":"DeleteReceived", "context":{"id":"96fb949e-4637-4ded-8eba-7dcf35b98062", "isDeleted:":"true", "version":"1730197768291"}}
{"logTime": "1227/184723", "correlationVector":"Y6vPKxXGbA19g6sFqGLer8.152","action":"GetUpdates", "result":"DeleteReceived", "context":{"id":"254558e1-c1b4-4db9-bcda-4ad6bc47312b", "isDeleted:":"true", "version":"1730197768292"}}
{"logTime": "1227/184723", "correlationVector":"Y6vPKxXGbA19g6sFqGLer8.153","action":"GetUpdates", "result":"DeleteReceived", "context":{"id":"3f076309-5398-4f54-a54c-44753d8d65f5", "isDeleted:":"true", "version":"1730197836611"}}
{"logTime": "1227/184723", "correlationVector":"Y6vPKxXGbA19g6sFqGLer8.154","action":"GetUpdates", "result":"DeleteReceived", "context":{"id":"03a01c68-a66f-4af5-8df8-0ce28bbc8353", "isDeleted:":"true", "version":"1730197836612"}}
{"logTime": "1227/184723", "correlationVector":"Y6vPKxXGbA19g6sFqGLer8.155","action":"GetUpdates", "result":"DeleteReceived", "context":{"id":"869f4dc5-89ea-403f-a7cc-0c4f558be327", "isDeleted:":"true", "version":"1730197836613"}}
{"logTime": "1227/184723", "correlationVector":"Y6vPKxXGbA19g6sFqGLer8.156","action":"GetUpdates", "result":"DeleteReceived", "context":{"id":"a9ba32ee-9b13-46b5-9588-56e012bd8a78", "isDeleted:":"true", "version":"1730199298292"}}
{"logTime": "1227/184723", "correlationVector":"Y6vPKxXGbA19g6sFqGLer8.157","action":"GetUpdates", "result":"DeleteReceived", "context":{"id":"070e9cd8-162c-4683-b06d-3ec6b0668e6c", "isDeleted:":"true", "version":"1730199997102"}}
{"logTime": "1227/184723", "correlationVector":"Y6vPKxXGbA19g6sFqGLer8.158","action":"GetUpdates", "result":"DeleteReceived", "context":{"id":"125901f4-fdbd-4fad-aa7f-845e699e1093", "isDeleted:":"true", "version":"1730213725729"}}
{"logTime": "1227/184723", "correlationVector":"Y6vPKxXGbA19g6sFqGLer8.159","action":"GetUpdates", "result":"DeleteReceived", "context":{"id":"f1a057fc-6c69-4b4d-b603-fc8baad338e1", "isDeleted:":"true", "version":"1730213985378"}}
{"logTime": "1227/184723", "correlationVector":"Y6vPKxXGbA19g6sFqGLer8.160","action":"GetUpdates", "result":"DeleteReceived", "context":{"id":"e4e6e7a9-7aa8-43c8-8e97-3b6d12d2aac4", "isDeleted:":"true", "version":"1730213985380"}}
{"logTime": "1227/184723", "correlationVector":"Y6vPKxXGbA19g6sFqGLer8.161","action":"GetUpdates", "result":"DeleteReceived", "context":{"id":"cdf2c326-5b08-4b89-abda-a20db8d06161", "isDeleted:":"true", "version":"1730214313077"}}
{"logTime": "1227/184723", "correlationVector":"Y6vPKxXGbA19g6sFqGLer8.162","action":"GetUpdates", "result":"DeleteReceived", "context":{"id":"a8ab354e-1be6-4edb-bac5-7498e519f1d0", "isDeleted:":"true", "version":"1730214313078"}}
{"logTime": "1227/184723", "correlationVector":"Y6vPKxXGbA19g6sFqGLer8.163","action":"GetUpdates", "result":"DeleteReceived", "context":{"id":"9a11604d-0b53-43ee-b379-aa8a70c6a716", "isDeleted:":"true", "version":"1730214742779"}}
{"logTime": "1227/184723", "correlationVector":"Y6vPKxXGbA19g6sFqGLer8.164","action":"GetUpdates", "result":"DeleteReceived", "context":{"id":"599416cc-6738-49e2-a0da-6869ae8e23dd", "isDeleted:":"true", "version":"1730215237473"}}
{"logTime": "1227/184723", "correlationVector":"Y6vPKxXGbA19g6sFqGLer8.165","action":"GetUpdates", "result":"DeleteReceived", "context":{"id":"3701e0b5-3ac5-43d2-a385-f176b782c719", "isDeleted:":"true", "version":"1730218405632"}}
{"logTime": "1227/184723", "correlationVector":"Y6vPKxXGbA19g6sFqGLer8.166","action":"GetUpdates", "result":"DeleteReceived", "context":{"id":"d321f380-9ef4-452d-a0c4-31d8958447d5", "isDeleted:":"true", "version":"1730218405633"}}
{"logTime": "1227/184723", "correlationVector":"Y6vPKxXGbA19g6sFqGLer8.167","action":"GetUpdates", "result":"DeleteReceived", "context":{"id":"75592334-bc19-4869-93eb-92c4790acb4e", "isDeleted:":"true", "version":"1730827524707"}}
{"logTime": "1227/184723", "correlationVector":"Y6vPKxXGbA19g6sFqGLer8.168","action":"GetUpdates", "result":"DeleteReceived", "context":{"id":"c810bddf-0fae-46d3-bc50-274d2635a4e6", "isDeleted:":"true", "version":"1730827524708"}}
{"logTime": "1227/184723", "correlationVector":"Y6vPKxXGbA19g6sFqGLer8.169","action":"GetUpdates", "result":"DeleteReceived", "context":{"id":"75d9f495-2b82-48dc-a4a3-0f7fe764d48c", "isDeleted:":"true", "version":"1733330304893"}}
{"logTime": "1227/184723", "correlationVector":"Y6vPKxXGbA19g6sFqGLer8.170","action":"GetUpdates", "result":"DeleteReceived", "context":{"id":"a79ed077-aadf-4723-97ba-a775f98f2178", "isDeleted:":"true", "version":"1734040416572"}}
{"logTime": "1227/184723", "correlationVector":"Y6vPKxXGbA19g6sFqGLer8.171","action":"GetUpdates", "result":"DeleteReceived", "context":{"id":"fd7263ce-1de0-4fc8-bbcd-3a4f5cb0f3aa", "isDeleted:":"true", "version":"1734184437034"}}
{"logTime": "1227/184723", "correlationVector":"Y6vPKxXGbA19g6sFqGLer8.172","action":"GetUpdates", "result":"DeleteReceived", "context":{"id":"8214f4d0-2a2b-48ee-a297-47b7ef867ce2", "isDeleted:":"true", "version":"1734184437035"}}
{"logTime": "1227/184723", "correlationVector":"Y6vPKxXGbA19g6sFqGLer8.173","action":"GetUpdates", "result":"DeleteReceived", "context":{"id":"28b1faad-01a2-45f3-9871-0cfb2f3064b5", "isDeleted:":"true", "version":"1734184758580"}}
{"logTime": "1227/184723", "correlationVector":"Y6vPKxXGbA19g6sFqGLer8.174","action":"GetUpdates", "result":"DeleteReceived", "context":{"id":"cc5fe912-1f2f-4f5e-b300-a2c286623285", "isDeleted:":"true", "version":"1734637520070"}}
{"logTime": "1227/184723", "correlationVector":"Y6vPKxXGbA19g6sFqGLer8.175","action":"GetUpdates", "result":"DeleteReceived", "context":{"id":"719b6c1d-d911-4586-abc3-6dc6bce03d25", "isDeleted:":"true", "version":"1734637520071"}}
{"logTime": "1227/184723", "correlationVector":"Y6vPKxXGbA19g6sFqGLer8.176","action":"GetUpdates", "result":"DeleteReceived", "context":{"id":"d70d62df-9d48-48a5-80e5-1d6c219e850a", "isDeleted:":"true", "version":"1734644401973"}}
{"logTime": "1227/184723", "correlationVector":"Y6vPKxXGbA19g6sFqGLer8.177","action":"GetUpdates", "result":"DeleteReceived", "context":{"id":"a5bbe46c-e94a-49c7-a868-e6bff021ffc5", "isDeleted:":"true", "version":"1734648376619"}}
{"logTime": "1227/184723", "correlationVector":"Y6vPKxXGbA19g6sFqGLer8.178","action":"GetUpdates", "result":"DeleteReceived", "context":{"id":"0178f83d-9e5d-4120-aa83-090d304fae7d", "isDeleted:":"true", "version":"1734701519124"}}
{"logTime": "1227/184723", "correlationVector":"Y6vPKxXGbA19g6sFqGLer8.179","action":"GetUpdates", "result":"DeleteReceived", "context":{"id":"c31ed61d-1da0-489e-af94-d8cd55437fca", "isDeleted:":"true", "version":"1734831774641"}}
{"logTime": "1227/184723", "correlationVector":"Y6vPKxXGbA19g6sFqGLer8.180","action":"GetUpdates", "result":"DeleteReceived", "context":{"id":"212105b5-e620-4620-8dde-815fcf824ad2", "isDeleted:":"true", "version":"1734831831607"}}
{"logTime": "1227/184723", "correlationVector":"Y6vPKxXGbA19g6sFqGLer8.181","action":"GetUpdates", "result":"DeleteReceived", "context":{"id":"7606a709-a44f-4d29-a3fd-e1a8e6849ae5", "isDeleted:":"true", "version":"1735061590358"}}
{"logTime": "1227/184723", "correlationVector":"Y6vPKxXGbA19g6sFqGLer8.182","action":"GetUpdates", "result":"DeleteReceived", "context":{"id":"f977654e-652e-4f3d-a1e8-1d69f1cff28a", "isDeleted:":"true", "version":"1735062173361"}}
{"logTime": "1227/184723", "correlationVector":"Y6vPKxXGbA19g6sFqGLer8.183","action":"GetUpdates", "result":"DeleteReceived", "context":{"id":"bf9b44b7-fa28-44bd-b4bc-e1ea76f0ad9e", "isDeleted:":"true", "version":"1735062173362"}}
{"logTime": "1227/184723", "correlationVector":"Y6vPKxXGbA19g6sFqGLer8.184","action":"GetUpdates", "result":"DeleteReceived", "context":{"id":"a06d691b-b489-4be8-8295-38fe02526fe6", "isDeleted:":"true", "version":"1735062639332"}}
{"logTime": "1227/184723", "correlationVector":"Y6vPKxXGbA19g6sFqGLer8.185","action":"GetUpdates", "result":"DeleteReceived", "context":{"id":"f99981ef-969d-4a2e-ba22-3d00afd22da3", "isDeleted:":"true", "version":"1735066908569"}}
{"logTime": "1227/184723", "correlationVector":"Y6vPKxXGbA19g6sFqGLer8.186","action":"GetUpdates", "result":"DeleteReceived", "context":{"id":"4aa8153d-bfae-49fb-aa87-cf0db947ea1a", "isDeleted:":"true", "version":"1735066942898"}}
{"logTime": "1227/184723", "correlationVector":"Y6vPKxXGbA19g6sFqGLer8.187","action":"GetUpdates", "result":"DeleteReceived", "context":{"id":"b04e29bf-721e-4ce4-87d0-876ae2296602", "isDeleted:":"true", "version":"1735067051239"}}
{"logTime": "1227/184723", "correlationVector":"Y6vPKxXGbA19g6sFqGLer8.188","action":"GetUpdates", "result":"DeleteReceived", "context":{"id":"dee5f76e-79d2-4f7e-b26b-0c86f5e486b9", "isDeleted:":"true", "version":"1735154497108"}}
{"logTime": "1227/184723", "correlationVector":"Y6vPKxXGbA19g6sFqGLer8.189","action":"GetUpdates", "result":"DeleteReceived", "context":{"id":"484680de-aac1-4dc4-9609-7a10fd2a5205", "isDeleted:":"true", "version":"1735171301126"}}
{"logTime": "1227/184723", "correlationVector":"Y6vPKxXGbA19g6sFqGLer8.190","action":"GetUpdates", "result":"DeleteReceived", "context":{"id":"90ca24ee-d838-4876-81cd-23728d522a81", "isDeleted:":"true", "version":"1733774964022"}}
{"logTime": "1227/184723", "correlationVector":"Y6vPKxXGbA19g6sFqGLer8.191","action":"GetUpdates Response", "result":"Success", "context":Received 231 update(s). cV=Y6vPKxXGbA19g6sFqGLer8.0;server=GENERAL01000001;cloudType=Consumer;environment=Prod_WestEurope_000l;migrationStage=NotStarted}
{"logTime": "1227/184724", "correlationVector":"dt8B8q0oPjYIT4v+ldDP/y","action":"Normal GetUpdate request", "result":"", "context":cV=dt8B8q0oPjYIT4v+ldDP/y
Nudged types: Typed URLs, Sessions, Device Info, User Consents
Refresh requested types: Bookmarks, Preferences, Passwords, Autofill Profiles, Autofill, Typed URLs, Extensions, Sessions, Extension settings, History Delete Directives, Device Info, User Consents, Send Tab To Self, Web Apps, Collection, Edge E Drop, Edge Hub App Usage, Edge Tab Group, Edge Wallet, Encryption Keys}
{"logTime": "1227/184724", "correlationVector":"dt8B8q0oPjYIT4v+ldDP/y.1","action":"SyncServerConnectionManagerRequest", "result":"SYNC_SERVER_OK", "context":{"environment":"Prod_WestEurope_000l", "migrationStage":"NotStarted", "server":"GENERAL01000010"}}
{"logTime": "1227/184724", "correlationVector":"dt8B8q0oPjYIT4v+ldDP/y.2","action":"GetUpdates Response", "result":"Success", "context":Received 0 update(s). cV=dt8B8q0oPjYIT4v+ldDP/y.0;server=GENERAL01000010;cloudType=Consumer;environment=Prod_WestEurope_000l;migrationStage=NotStarted}
{"logTime": "1227/184730", "correlationVector":"+Q7BKCzOw9VxVB0gX/0hXr","action":"Commit Request", "result":"", "context":Item count: 5
Contributing types: Typed URLs, Sessions, Device Info, User Consents}
{"logTime": "1227/184730", "correlationVector":"+Q7BKCzOw9VxVB0gX/0hXr.1","action":"SyncServerConnectionManagerRequest", "result":"SYNC_SERVER_OK", "context":{"environment":"Prod_WestEurope_000l", "migrationStage":"NotStarted", "server":"GENERAL0100000Q"}}
{"logTime": "1227/184730", "correlationVector":"+Q7BKCzOw9VxVB0gX/0hXr.2","action":"Commit Response", "result":"Success", "context":Result: Success. cV=+Q7BKCzOw9VxVB0gX/0hXr.0;server=GENERAL0100000Q;cloudType=Consumer;environment=Prod_WestEurope_000l;migrationStage=NotStarted}
{"logTime": "1227/184738", "correlationVector":"ZINecncUBfJguC/rR1Bkwm","action":"Commit Request", "result":"", "context":Item count: 1
Contributing types: User Consents}
{"logTime": "1227/184739", "correlationVector":"ZINecncUBfJguC/rR1Bkwm.1","action":"SyncServerConnectionManagerRequest", "result":"SYNC_SERVER_OK", "context":{"environment":"Prod_WestEurope_000l", "migrationStage":"NotStarted", "server":"general0100000Y"}}
{"logTime": "1227/184739", "correlationVector":"ZINecncUBfJguC/rR1Bkwm.2","action":"Commit Response", "result":"Success", "context":Result: Success. cV=ZINecncUBfJguC/rR1Bkwm.0;server=general0100000Y;cloudType=Consumer;environment=Prod_WestEurope_000l;migrationStage=NotStarted}
{"logTime": "1227/184826", "correlationVector":"7FIBoDopWRoX9h58hbERcs","action":"Commit Request", "result":"", "context":Item count: 40
Contributing types: Passwords}
{"logTime": "1227/184827", "correlationVector":"7FIBoDopWRoX9h58hbERcs.1","action":"SyncServerConnectionManagerRequest", "result":"SYNC_SERVER_OK", "context":{"environment":"Prod_WestEurope_000l", "migrationStage":"NotStarted", "server":"GENERAL0100000W"}}
{"logTime": "1227/184827", "correlationVector":"7FIBoDopWRoX9h58hbERcs.2","action":"Commit Response", "result":"Success", "context":Result: Success. cV=7FIBoDopWRoX9h58hbERcs.0;server=GENERAL0100000W;cloudType=Consumer;environment=Prod_WestEurope_000l;migrationStage=NotStarted}
{"logTime": "1227/184828", "correlationVector":"G8x2YQaP+40Q2UfFYvK3R1","action":"Commit Request", "result":"", "context":Item count: 31
Contributing types: Preferences, Passwords, Sessions}
{"logTime": "1227/184829", "correlationVector":"G8x2YQaP+40Q2UfFYvK3R1.1","action":"SyncServerConnectionManagerRequest", "result":"SYNC_SERVER_OK", "context":{"environment":"Prod_WestEurope_000l", "migrationStage":"NotStarted", "server":"GENERAL01000017"}}
{"logTime": "1227/184829", "correlationVector":"G8x2YQaP+40Q2UfFYvK3R1.2","action":"Commit Response", "result":"Success", "context":Result: Success. cV=G8x2YQaP+40Q2UfFYvK3R1.0;server=GENERAL01000017;cloudType=Consumer;environment=Prod_WestEurope_000l;migrationStage=NotStarted}
{"logTime": "1227/184928", "correlationVector":"kaf8ODN0DREWHxvMKSoW8a","action":"Commit Request", "result":"", "context":Item count: 1
Contributing types: Edge Hub App Usage}
{"logTime": "1227/184928", "correlationVector":"kaf8ODN0DREWHxvMKSoW8a.1","action":"SyncServerConnectionManagerRequest", "result":"SYNC_SERVER_OK", "context":{"environment":"Prod_WestEurope_000l", "migrationStage":"NotStarted", "server":"GENERAL01000001"}}
{"logTime": "1227/184928", "correlationVector":"kaf8ODN0DREWHxvMKSoW8a.2","action":"Commit Response", "result":"Success", "context":Result: Success. cV=kaf8ODN0DREWHxvMKSoW8a.0;server=GENERAL01000001;cloudType=Consumer;environment=Prod_WestEurope_000l;migrationStage=NotStarted}
{"logTime": "1227/212053", "correlationVector":"W02Md5WONzzWvOCKlCuYzK","action":"SyncServerConnectionManagerRequest", "result":"CONNECTION_UNAVAILABLE", "context":{"error_type":"net_error_code", "error_value":"-202"}}
