2024-12-27 18:47:08.642: [INFO][Sync] Reset engine, reason: 8
2024-12-27 18:47:08.642: [INFO][Sync] Stopped: Bookmarks
2024-12-27 18:47:08.642: [INFO][Sync] Stopped: Preferences
2024-12-27 18:47:08.642: [INFO][Sync] Stopped: Passwords
2024-12-27 18:47:08.642: [INFO][Sync] Stopped: Autofill Profiles
2024-12-27 18:47:08.642: [INFO][Sync] Stopped: Autofill
2024-12-27 18:47:08.642: [INFO][Sync] Stopped: Typed URLs
2024-12-27 18:47:08.642: [INFO][Sync] Stopped: Extensions
2024-12-27 18:47:08.642: [INFO][Sync] Stopped: Sessions
2024-12-27 18:47:08.642: [INFO][Sync] Stopped: Extension settings
2024-12-27 18:47:08.642: [INFO][Sync] Stopped: History Delete Directives
2024-12-27 18:47:08.642: [INFO][Sync] Stopped: Device Info
2024-12-27 18:47:08.642: [INFO][Sync] Stopped: User Consents
2024-12-27 18:47:08.642: [INFO][Sync] Stopped: Send Tab To Self
2024-12-27 18:47:08.642: [INFO][Sync] Stopped: Web Apps
2024-12-27 18:47:08.642: [INFO][Sync] Stopped: History
2024-12-27 18:47:08.642: [INFO][Sync] Stopped: Collection
2024-12-27 18:47:08.642: [INFO][Sync] Stopped: Edge E Drop
2024-12-27 18:47:08.642: [INFO][Sync] Stopped: Edge Hub App Usage
2024-12-27 18:47:08.642: [INFO][Sync] Stopped: Edge Tab Group
2024-12-27 18:47:08.642: [INFO][Sync] Stopped: Edge Wallet
2024-12-27 18:47:08.642: [INFO][Sync] SyncState after authenticated was: NotSignedIn
2024-12-27 18:47:10.886: [INFO][Sync] Try to start sync engine
2024-12-27 18:47:11.306: [INFO][SyncManagerImpl::NudgeForInitialDownload] Initial download nudge for Encryption Keys
2024-12-27 18:47:11.306: [INFO][SyncEngineBackend::LoadAndConnectNigoriController] Load and connect Nigori controller
2024-12-27 18:47:11.306: [INFO][SyncEngineBackend::DoInitialize] Control Types added: Encryption Keys
2024-12-27 18:47:11.306: [INFO][SyncManagerImpl::ConfigureSyncer] Types to download: Encryption Keys with reason: 3
2024-12-27 18:47:11.598: [INFO][SyncSchedulerImpl::DoConfigurationSyncCycleJob] Configure job was blocked
2024-12-27 18:47:12.260: [INFO][SyncAuthManager::SetLastAuthError] Current auth error: None
2024-12-27 18:47:12.261: [INFO][SyncAuthManager::EdgeLogTokenErrorState] Token error with: None for account type: MSA
2024-12-27 18:47:12.261: [INFO][Sync] Credentials changed for: EdgeSyncScopeNew
2024-12-27 18:47:16.209: [INFO][SyncAuthManager::SetLastAuthError] Current auth error: None
2024-12-27 18:47:16.209: [INFO][SyncAuthManager::EdgeLogTokenErrorState] Token error with: None for account type: MSA
2024-12-27 18:47:16.209: [INFO][Sync] Credentials changed for: EdgeSyncKeyDataScope
2024-12-27 18:47:16.209: [INFO][SyncEngineBackend::DoUpdateKeyDataCredentials] Update key data credentials
2024-12-27 18:47:16.209: [INFO][SyncEngineBackend::DoUpdateCredentials] Update credentials
2024-12-27 18:47:16.209: [INFO][SyncSchedulerImpl::DoConfigurationSyncCycleJob] Blocked types:  and types to download: Encryption Keys
2024-12-27 18:47:17.443: [INFO][Sync] Started DataTypeManager configuration, reason: 4
2024-12-27 18:47:17.443: [INFO][Sync] Configuring for: Bookmarks, Preferences, Passwords, Autofill Profiles, Autofill, Typed URLs, Extensions, Sessions, Extension settings, History Delete Directives, Device Info, User Consents, Send Tab To Self, Web Apps, Collection, Edge E Drop, Edge Hub App Usage, Edge Tab Group, Edge Wallet, Encryption Keys, reason: 3, current state: 0
2024-12-27 18:47:17.447: [INFO][Sync] Configure, desired: Bookmarks, Preferences, Typed URLs, Extensions, Sessions, Extension settings, History Delete Directives, Device Info, User Consents, Send Tab To Self, Web Apps, Collection, Edge E Drop, Edge Hub App Usage, Edge Tab Group, Edge Wallet, Encryption Keys; Allow fail: Passwords, Autofill Profiles, Autofill
2024-12-27 18:47:17.448: [INFO][Sync] Loading: Bookmarks
2024-12-27 18:47:17.448: [INFO][Sync] Loading: Preferences
2024-12-27 18:47:17.448: [INFO][Sync] Loading: Typed URLs
2024-12-27 18:47:17.448: [INFO][Sync] Loading: Extensions
2024-12-27 18:47:17.448: [INFO][Sync] Loading: Sessions
2024-12-27 18:47:17.448: [INFO][Sync] Loading: Extension settings
2024-12-27 18:47:17.448: [INFO][Sync] Loading: History Delete Directives
2024-12-27 18:47:17.448: [INFO][Sync] Loading: Device Info
2024-12-27 18:47:17.448: [INFO][Sync] Loading: User Consents
2024-12-27 18:47:17.449: [INFO][Sync] Loading: Send Tab To Self
2024-12-27 18:47:17.449: [INFO][Sync] Loading: Web Apps
2024-12-27 18:47:17.449: [INFO][Sync] Loading: Collection
2024-12-27 18:47:17.449: [INFO][Sync] Loading: Edge E Drop
2024-12-27 18:47:17.449: [INFO][Sync] Loading: Edge Hub App Usage
2024-12-27 18:47:17.449: [INFO][Sync] Loading: Edge Tab Group
2024-12-27 18:47:17.449: [INFO][Sync] Loading: Edge Wallet
2024-12-27 18:47:18.088: [INFO][SyncEngineBackend::DoStartConfiguration] Start configuration
2024-12-27 18:47:18.245: [INFO][Sync] Started DataTypeManager configuration, reason: 5
2024-12-27 18:47:18.245: [INFO][Sync] Configuring for: Bookmarks, Preferences, Passwords, Autofill Profiles, Autofill, Typed URLs, Extensions, Sessions, Extension settings, History Delete Directives, Device Info, User Consents, Send Tab To Self, Web Apps, Collection, Edge E Drop, Edge Hub App Usage, Edge Tab Group, Edge Wallet, Encryption Keys, reason: 5, current state: 1
2024-12-27 18:47:20.391: [INFO][Sync] Configuring for: Bookmarks, Preferences, Passwords, Autofill Profiles, Autofill, Typed URLs, Extensions, Sessions, Extension settings, History Delete Directives, Device Info, User Consents, Send Tab To Self, Web Apps, Collection, Edge E Drop, Edge Hub App Usage, Edge Tab Group, Edge Wallet, Encryption Keys, reason: 5, current state: 2
2024-12-27 18:47:20.391: [INFO][Sync] Configure, desired: Bookmarks, Preferences, Passwords, Autofill Profiles, Autofill, Typed URLs, Extensions, Sessions, Extension settings, History Delete Directives, Device Info, User Consents, Send Tab To Self, Web Apps, Collection, Edge E Drop, Edge Hub App Usage, Edge Tab Group, Edge Wallet, Encryption Keys; Allow fail: 
2024-12-27 18:47:20.391: [INFO][Sync] Loading: Passwords
2024-12-27 18:47:20.391: [INFO][Sync] Loading: Autofill Profiles
2024-12-27 18:47:20.391: [INFO][Sync] Loading: Autofill
2024-12-27 18:47:20.662: [INFO][Sync] All data types are ready for configure.
2024-12-27 18:47:20.663: [INFO][SyncManagerImpl::NudgeForInitialDownload] Initial download nudge for Bookmarks
2024-12-27 18:47:20.663: [INFO][SyncManagerImpl::NudgeForInitialDownload] Initial download nudge for Preferences
2024-12-27 18:47:20.663: [INFO][SyncManagerImpl::NudgeForInitialDownload] Initial download nudge for Passwords
2024-12-27 18:47:20.663: [INFO][SyncManagerImpl::NudgeForInitialDownload] Initial download nudge for Autofill Profiles
2024-12-27 18:47:20.663: [INFO][SyncManagerImpl::NudgeForInitialDownload] Initial download nudge for Autofill
2024-12-27 18:47:20.663: [INFO][SyncManagerImpl::NudgeForInitialDownload] Initial download nudge for Typed URLs
2024-12-27 18:47:20.663: [INFO][SyncManagerImpl::NudgeForInitialDownload] Initial download nudge for Extensions
2024-12-27 18:47:20.663: [INFO][SyncManagerImpl::NudgeForInitialDownload] Initial download nudge for Sessions
2024-12-27 18:47:20.663: [INFO][SyncManagerImpl::NudgeForInitialDownload] Initial download nudge for Extension settings
2024-12-27 18:47:20.663: [INFO][SyncManagerImpl::NudgeForInitialDownload] Initial download nudge for History Delete Directives
2024-12-27 18:47:20.663: [INFO][SyncManagerImpl::NudgeForInitialDownload] Initial download nudge for Device Info
2024-12-27 18:47:20.663: [INFO][SyncManagerImpl::NudgeForInitialDownload] Initial download nudge for Send Tab To Self
2024-12-27 18:47:20.663: [INFO][SyncManagerImpl::NudgeForInitialDownload] Initial download nudge for Web Apps
2024-12-27 18:47:20.663: [INFO][SyncManagerImpl::NudgeForInitialDownload] Initial download nudge for Collection
2024-12-27 18:47:20.663: [INFO][SyncManagerImpl::NudgeForInitialDownload] Initial download nudge for Edge E Drop
2024-12-27 18:47:20.663: [INFO][SyncManagerImpl::NudgeForInitialDownload] Initial download nudge for Edge Hub App Usage
2024-12-27 18:47:20.663: [INFO][SyncManagerImpl::NudgeForInitialDownload] Initial download nudge for Edge Tab Group
2024-12-27 18:47:20.663: [INFO][SyncManagerImpl::NudgeForInitialDownload] Initial download nudge for Edge Wallet
2024-12-27 18:47:20.663: [INFO][SyncManagerImpl::ConfigureSyncer] Types to download:  with reason: 5
2024-12-27 18:47:20.663: [INFO][SyncEngineBackend::DoFinishConfigureDataTypes] Failed to download types:  and succeeded types: 
2024-12-27 18:47:20.663: [INFO][Sync] ConfigurationDone, failed: , succeeded: , remaining count: 3
2024-12-27 18:47:20.663: [INFO][Sync] Prepare to configure types: Preferences, Passwords, Device Info, Send Tab To Self, Edge E Drop, Encryption Keys
2024-12-27 18:47:20.664: [INFO][SyncManagerImpl::ConfigureSyncer] Types to download: Preferences, Passwords, Device Info, Send Tab To Self, Edge E Drop, Encryption Keys with reason: 5
2024-12-27 18:47:20.664: [INFO][SyncSchedulerImpl::DoConfigurationSyncCycleJob] Blocked types:  and types to download: Preferences, Passwords, Device Info, Send Tab To Self, Edge E Drop, Encryption Keys
2024-12-27 18:47:22.667: [INFO][SyncEngineBackend::DoFinishConfigureDataTypes] Failed to download types:  and succeeded types: Preferences, Passwords, Device Info, Send Tab To Self, Edge E Drop, Encryption Keys
2024-12-27 18:47:22.670: [INFO][Sync] ConfigurationDone, failed: , succeeded: Preferences, Passwords, Device Info, Send Tab To Self, Edge E Drop, Encryption Keys, remaining count: 2
2024-12-27 18:47:22.670: [INFO][Sync] Prepare to configure types: Bookmarks, Encryption Keys
2024-12-27 18:47:22.670: [INFO][SyncManagerImpl::ConfigureSyncer] Types to download: Bookmarks, Encryption Keys with reason: 5
2024-12-27 18:47:22.671: [INFO][SyncSchedulerImpl::DoConfigurationSyncCycleJob] Blocked types:  and types to download: Bookmarks, Encryption Keys
2024-12-27 18:47:23.528: [INFO][SyncEngineBackend::DoFinishConfigureDataTypes] Failed to download types:  and succeeded types: Bookmarks, Encryption Keys
2024-12-27 18:47:23.530: [INFO][Sync] ConfigurationDone, failed: , succeeded: Bookmarks, Encryption Keys, remaining count: 1
2024-12-27 18:47:23.531: [INFO][Sync] Prepare to configure types: Autofill Profiles, Autofill, Typed URLs, Extensions, Sessions, Extension settings, History Delete Directives, Web Apps, Collection, Edge Hub App Usage, Edge Tab Group, Edge Wallet, Encryption Keys
2024-12-27 18:47:23.531: [INFO][SyncManagerImpl::ConfigureSyncer] Types to download: Autofill Profiles, Autofill, Typed URLs, Extensions, Sessions, Extension settings, History Delete Directives, Web Apps, Collection, Edge Hub App Usage, Edge Tab Group, Edge Wallet, Encryption Keys with reason: 5
2024-12-27 18:47:23.532: [INFO][SyncSchedulerImpl::DoConfigurationSyncCycleJob] Blocked types:  and types to download: Autofill Profiles, Autofill, Typed URLs, Extensions, Sessions, Extension settings, History Delete Directives, Web Apps, Collection, Edge Hub App Usage, Edge Tab Group, Edge Wallet, Encryption Keys
2024-12-27 18:47:24.406: [INFO][SyncEngineBackend::DoFinishConfigureDataTypes] Failed to download types:  and succeeded types: Autofill Profiles, Autofill, Typed URLs, Extensions, Sessions, Extension settings, History Delete Directives, Web Apps, Collection, Edge Hub App Usage, Edge Tab Group, Edge Wallet, Encryption Keys
2024-12-27 18:47:24.407: [INFO][Sync] ConfigurationDone, failed: , succeeded: Autofill Profiles, Autofill, Typed URLs, Extensions, Sessions, Extension settings, History Delete Directives, Web Apps, Collection, Edge Hub App Usage, Edge Tab Group, Edge Wallet, Encryption Keys, remaining count: 0
2024-12-27 18:47:24.407: [INFO][Sync]     Configuration completed, state: 7
2024-12-27 18:47:24.407: [INFO][Sync] Configured DataTypeManager: Ok
2024-12-27 18:47:24.408: [INFO][SyncEngineBackend::DoStartSyncing] Start syncing
2024-12-27 18:49:49.971: [INFO][Sync] Reset engine, reason: 0
2024-12-27 18:49:49.971: [INFO][Sync] Reset engine with reason: 0
2024-12-27 21:20:04.476: [INFO][Sync] SyncState after authenticated was: FeatureCanStart
2024-12-27 21:20:17.359: [INFO][Sync] Try to start sync engine
2024-12-27 21:20:17.363: [INFO][SyncManagerImpl::NudgeForInitialDownload] Initial download nudge for Encryption Keys
2024-12-27 21:20:17.363: [INFO][SyncEngineBackend::LoadAndConnectNigoriController] Load and connect Nigori controller
2024-12-27 21:20:17.363: [INFO][SyncEngineBackend::DoInitialize] Control Types added: Encryption Keys
2024-12-27 21:20:17.363: [INFO][SyncManagerImpl::ConfigureSyncer] Types to download: Encryption Keys with reason: 3
2024-12-27 21:20:17.363: [INFO][SyncSchedulerImpl::DoConfigurationSyncCycleJob] Configure job was blocked
2024-12-27 21:20:17.412: [INFO][SyncAuthManager::SetLastAuthError] Current auth error: None
2024-12-27 21:20:17.412: [INFO][SyncAuthManager::EdgeLogTokenErrorState] Token error with: None for account type: MSA
2024-12-27 21:20:17.412: [INFO][Sync] Credentials changed for: EdgeSyncScopeNew
2024-12-27 21:20:53.737: [INFO][SyncAuthManager::EdgeLogTokenErrorState] Token error with: EDGE_AUTH_ERROR: 3, 13, 800704cf for account type: MSA
2024-12-27 21:20:53.737: [INFO][Sync] Credentials changed for: EdgeSyncKeyDataScope
2024-12-27 21:20:53.737: [INFO][SyncEngineBackend::DoUpdateCredentials] Update credentials
2024-12-27 21:20:53.737: [INFO][SyncSchedulerImpl::DoConfigurationSyncCycleJob] Blocked types:  and types to download: Encryption Keys
2024-12-27 21:20:53.871: [INFO][SyncSchedulerImpl::OnSyncNetworkError] Syncer error: Network error (ERR_CERT_AUTHORITY_INVALID)
2024-12-27 21:20:53.871: [INFO][SyncSchedulerImpl::DoConfigurationSyncCycleJob] Syncer error: Success
2024-12-27 21:20:53.872: [WARN][Sync] NetworkError: Network error (ERR_CERT_AUTHORITY_INVALID)
